<?xml version="1.0" encoding="UTF-8"?>
<!-- Generated by org.testng.reporters.JUnitReportReporter -->
<testsuite skipped="0" hostname="LN0C5772E6454B" name="docker.docker.AppTest" tests="1" failures="0" timestamp="03 Jun 2018 22:46:14 GMT" time="2.018" errors="0">
  <testcase name="googleTest" time="2.018" classname="docker.docker.AppTest"/>
</testsuite> <!-- docker.docker.AppTest -->
