<?xml version="1.0" encoding="UTF-8"?>
<!-- Generated by org.testng.reporters.JUnitReportReporter -->
<testsuite skipped="0" hostname="LN0C5772E6454B" name="seleniunInDocker.TestRunner" tests="2" failures="0" timestamp="20 Jun 2018 05:30:16 GMT" time="1.925" errors="0">
  <testcase name="LogoutTest" time="0.497" classname="seleniunInDocker.TestRunner"/>
  <testcase name="LoginTest" time="1.428" classname="seleniunInDocker.TestRunner"/>
</testsuite> <!-- seleniunInDocker.TestRunner -->
